[debug] [2024-03-18T16:59:48.332Z] ----------------------------------------------------------------------
[debug] [2024-03-18T16:59:48.340Z] Command:       C:\Program Files\nodejs\node.exe C:\Users\Shimul Majumdar\AppData\Roaming\npm\node_modules\firebase-tools\lib\bin\firebase.js deploy
[debug] [2024-03-18T16:59:48.343Z] CLI Version:   10.8.0
[debug] [2024-03-18T16:59:48.344Z] Platform:      win32
[debug] [2024-03-18T16:59:48.344Z] Node Version:  v16.15.0
[debug] [2024-03-18T16:59:48.405Z] Time:          Mon Mar 18 2024 22:59:48 GMT+0600 (Bangladesh Standard Time)
[debug] [2024-03-18T16:59:48.407Z] ----------------------------------------------------------------------
[debug] 
[debug] [2024-03-18T16:59:48.641Z] > command requires scopes: ["email","openid","https://www.googleapis.com/auth/cloudplatformprojects.readonly","https://www.googleapis.com/auth/firebase","https://www.googleapis.com/auth/cloud-platform"]
[debug] [2024-03-18T16:59:48.643Z] > authorizing via signed-in user (shimulmajumdarshuvo@gmail.com)
[debug] [2024-03-18T16:59:48.644Z] [iam] checking project personal-protfolio-ec70e for permissions ["firebase.projects.get","firebasehosting.sites.update"]
[debug] [2024-03-18T16:59:48.650Z] > refreshing access token with scopes: []
[debug] [2024-03-18T16:59:48.653Z] >>> HTTP REQUEST POST https://www.googleapis.com/oauth2/v3/token  
 <request body omitted>
[debug] [2024-03-18T16:59:50.645Z] <<< HTTP RESPONSE 400 {"pragma":"no-cache","cache-control":"no-cache, no-store, max-age=0, must-revalidate","date":"Mon, 18 Mar 2024 16:59:50 GMT","expires":"Mon, 01 Jan 1990 00:00:00 GMT","content-type":"application/json; charset=utf-8","vary":"X-Origin, Referer, Origin,Accept-Encoding","server":"scaffolding on HTTPServer2","x-xss-protection":"0","x-frame-options":"SAMEORIGIN","x-content-type-options":"nosniff","alt-svc":"h3=\":443\"; ma=2592000,h3-29=\":443\"; ma=2592000","accept-ranges":"none","transfer-encoding":"chunked"}
[debug] [2024-03-18T16:59:50.651Z] >>> [apiv2][query] POST https://cloudresourcemanager.googleapis.com/v1/projects/personal-protfolio-ec70e:testIamPermissions [none]
[debug] [2024-03-18T16:59:50.652Z] >>> [apiv2][body] POST https://cloudresourcemanager.googleapis.com/v1/projects/personal-protfolio-ec70e:testIamPermissions {"permissions":["firebase.projects.get","firebasehosting.sites.update"]}
[debug] [2024-03-18T16:59:52.953Z] <<< [apiv2][status] POST https://cloudresourcemanager.googleapis.com/v1/projects/personal-protfolio-ec70e:testIamPermissions 401
[debug] [2024-03-18T16:59:52.954Z] <<< [apiv2][body] POST https://cloudresourcemanager.googleapis.com/v1/projects/personal-protfolio-ec70e:testIamPermissions {"error":{"code":401,"message":"Request had invalid authentication credentials. Expected OAuth 2 access token, login cookie or other valid authentication credential. See https://developers.google.com/identity/sign-in/web/devconsole-project.","status":"UNAUTHENTICATED","details":[{"@type":"type.googleapis.com/google.rpc.ErrorInfo","reason":"ACCESS_TOKEN_TYPE_UNSUPPORTED","metadata":{"method":"google.cloudresourcemanager.v1.Projects.TestIamPermissions","service":"cloudresourcemanager.googleapis.com"}}]}}
[debug] [2024-03-18T16:59:52.957Z] [iam] error while checking permissions, command may fail: FirebaseError: HTTP Error: 401, Request had invalid authentication credentials. Expected OAuth 2 access token, login cookie or other valid authentication credential. See https://developers.google.com/identity/sign-in/web/devconsole-project.
[debug] [2024-03-18T16:59:52.959Z] > refreshing access token with scopes: []
[debug] [2024-03-18T16:59:52.960Z] >>> HTTP REQUEST POST https://www.googleapis.com/oauth2/v3/token  
 <request body omitted>
[debug] [2024-03-18T16:59:54.670Z] <<< HTTP RESPONSE 400 {"date":"Mon, 18 Mar 2024 16:59:55 GMT","cache-control":"no-cache, no-store, max-age=0, must-revalidate","pragma":"no-cache","expires":"Mon, 01 Jan 1990 00:00:00 GMT","content-type":"application/json; charset=utf-8","vary":"X-Origin, Referer, Origin,Accept-Encoding","server":"scaffolding on HTTPServer2","x-xss-protection":"0","x-frame-options":"SAMEORIGIN","x-content-type-options":"nosniff","alt-svc":"h3=\":443\"; ma=2592000,h3-29=\":443\"; ma=2592000","accept-ranges":"none","transfer-encoding":"chunked"}
[debug] [2024-03-18T16:59:54.674Z] >>> [apiv2][query] GET https://firebase.googleapis.com/v1beta1/projects/personal-protfolio-ec70e [none]
[debug] [2024-03-18T16:59:56.103Z] <<< [apiv2][status] GET https://firebase.googleapis.com/v1beta1/projects/personal-protfolio-ec70e 401
[debug] [2024-03-18T16:59:56.104Z] <<< [apiv2][body] GET https://firebase.googleapis.com/v1beta1/projects/personal-protfolio-ec70e {"error":{"code":401,"message":"Request had invalid authentication credentials. Expected OAuth 2 access token, login cookie or other valid authentication credential. See https://developers.google.com/identity/sign-in/web/devconsole-project.","status":"UNAUTHENTICATED"}}
[debug] [2024-03-18T16:59:56.105Z] HTTP Error: 401, Request had invalid authentication credentials. Expected OAuth 2 access token, login cookie or other valid authentication credential. See https://developers.google.com/identity/sign-in/web/devconsole-project.
[debug] [2024-03-18T16:59:56.862Z] FirebaseError: HTTP Error: 401, Request had invalid authentication credentials. Expected OAuth 2 access token, login cookie or other valid authentication credential. See https://developers.google.com/identity/sign-in/web/devconsole-project.
    at module.exports (C:\Users\Shimul Majumdar\AppData\Roaming\npm\node_modules\firebase-tools\lib\responseToError.js:47:12)
    at RetryOperation._fn (C:\Users\Shimul Majumdar\AppData\Roaming\npm\node_modules\firebase-tools\lib\apiv2.js:286:39)
    at processTicksAndRejections (node:internal/process/task_queues:96:5)
[error] 
[error] Error: Failed to get Firebase project personal-protfolio-ec70e. Please make sure the project exists and your account has permission to access it.
